DEPRECATED: The legacy builder is deprecated and will be removed in a future release.
            Install the buildx component to build images with BuildKit:
            https://docs.docker.com/go/buildx/

Sending build context to Docker daemon    511kB
Step 1/22 : FROM node:18-alpine AS builder
 ---> ee77c6cd7c18
Step 2/22 : RUN apk add --no-cache openssl
 ---> Using cache
 ---> cb1b1c863b5e
Step 3/22 : WORKDIR /app
 ---> Using cache
 ---> 609c8cbe627f
Step 4/22 : COPY package*.json ./
 ---> Using cache
 ---> 4120a3c3b822
Step 5/22 : RUN npm ci --legacy-peer-deps
 ---> Using cache
 ---> 3f879c4fc8f3
Step 6/22 : COPY prisma ./prisma
 ---> Using cache
 ---> 7a83845b1066
Step 7/22 : RUN npx prisma generate
 ---> Using cache
 ---> 667bb59d6c76
Step 8/22 : COPY . .
 ---> 03f2b0fe76ad
Step 9/22 : RUN npm run build
 ---> Running in d786c7bc61e1

> nabijiyo@1.0.0 build
> next build

Attention: Next.js now collects completely anonymous telemetry regarding usage.
This information is used to shape Next.js' roadmap and prioritize features.
You can learn more, including how to opt-out if you'd not like to participate in this anonymous program, by visiting the following URL:
https://nextjs.org/telemetry

  ▲ Next.js 14.2.35

   Creating an optimized production build ...
 ✓ Compiled successfully
   Skipping linting
   Checking validity of types ...
   Collecting page data ...
   Generating static pages (0/6) ...
   Generating static pages (1/6) 
   Generating static pages (2/6) 
   Generating static pages (4/6) 
 ✓ Generating static pages (6/6)
   Finalizing page optimization ...
   Collecting build traces ...

Route (app)                              Size     First Load JS
┌ ○ /                                    1.33 kB        88.6 kB
├ ○ /_not-found                          873 B          88.1 kB
├ ƒ /api/detail                          0 B                0 B
├ ƒ /api/detail_backup                   0 B                0 B
├ ƒ /api/detail/[id]                     0 B                0 B
├ ○ /api/health                          0 B                0 B
├ ƒ /api/scrape                          0 B                0 B
├ ƒ /api/search                          0 B                0 B
├ ƒ /cafe/[id]                           10.8 kB          98 kB
└ ○ /search                              1.74 kB          89 kB
+ First Load JS shared by all            87.3 kB
  ├ chunks/117-6d3152f80147ba9e.js       31.7 kB
  ├ chunks/fd9d1056-9f91b5e418130764.js  53.6 kB
  └ other shared chunks (total)          1.89 kB


○  (Static)   prerendered as static content
ƒ  (Dynamic)  server-rendered on demand

 ---> Removed intermediate container d786c7bc61e1
 ---> 2cedf37e1e44
Step 10/22 : RUN mkdir -p public || true
 ---> Running in 9c31fd943447
 ---> Removed intermediate container 9c31fd943447
 ---> 79ab912b098e
Step 11/22 : FROM node:18-alpine AS runtime
 ---> ee77c6cd7c18
Step 12/22 : WORKDIR /app
 ---> Using cache
 ---> 2a7a8061ed51
Step 13/22 : ENV NODE_ENV=production
 ---> Using cache
 ---> ffa0a8b3be0f
Step 14/22 : ENV PORT=3000
 ---> Using cache
 ---> b494d2f87f8e
Step 15/22 : ENV HOSTNAME="0.0.0.0"
 ---> Using cache
 ---> 5fd6e466536b
Step 16/22 : COPY --from=builder /app/.next/standalone ./
 ---> 20c90742b98f
Step 17/22 : COPY --from=builder /app/prisma ./prisma
 ---> e35674e3d8ca
Step 18/22 : COPY --from=builder /app/node_modules/@prisma ./node_modules/@prisma
 ---> 86a3665244f4
Step 19/22 : COPY --from=builder /app/node_modules/.prisma ./node_modules/.prisma
 ---> c4782c841e04
Step 20/22 : EXPOSE 3000
 ---> Running in a1603440fbc2
 ---> Removed intermediate container a1603440fbc2
 ---> ce3279ebab83
Step 21/22 : HEALTHCHECK --interval=30s --timeout=10s --start-period=10s --retries=3     CMD node -e "require('http').get('http://localhost:3000/api/health', (r) => {process.exit(r.statusCode === 200 ? 0 : 1)})" || exit 1
 ---> Running in f7faa18f6c44
 ---> Removed intermediate container f7faa18f6c44
 ---> 4cc37047c18f
Step 22/22 : CMD ["node", "server.js"]
 ---> Running in a828f1398b3d
 ---> Removed intermediate container a828f1398b3d
 ---> a02f4ff569ca
Successfully built a02f4ff569ca
Successfully tagged registry.prup.xyz/ai-lounge/nabijiyo:latest
