DEPRECATED: The legacy builder is deprecated and will be removed in a future release.
            Install the buildx component to build images with BuildKit:
            https://docs.docker.com/go/buildx/

Sending build context to Docker daemon  517.6kB
Step 1/23 : FROM node:18-alpine AS builder
 ---> ee77c6cd7c18
Step 2/23 : RUN apk add --no-cache openssl
 ---> Using cache
 ---> cb1b1c863b5e
Step 3/23 : WORKDIR /app
 ---> Using cache
 ---> 609c8cbe627f
Step 4/23 : COPY package*.json ./
 ---> Using cache
 ---> 4120a3c3b822
Step 5/23 : RUN npm ci --legacy-peer-deps
 ---> Using cache
 ---> 3f879c4fc8f3
Step 6/23 : COPY prisma ./prisma
 ---> Using cache
 ---> 7a83845b1066
Step 7/23 : RUN npx prisma generate
 ---> Using cache
 ---> 667bb59d6c76
Step 8/23 : COPY . .
 ---> eb4c5ab5b77c
Step 9/23 : RUN npm run build
 ---> Running in 387bea9bd1da

> nabijiyo@1.0.0 build
> next build

Attention: Next.js now collects completely anonymous telemetry regarding usage.
This information is used to shape Next.js' roadmap and prioritize features.
You can learn more, including how to opt-out if you'd not like to participate in this anonymous program, by visiting the following URL:
https://nextjs.org/telemetry

  ▲ Next.js 14.2.35

   Creating an optimized production build ...
 ✓ Compiled successfully
   Skipping linting
   Checking validity of types ...
   Collecting page data ...
   Generating static pages (0/6) ...
   Generating static pages (1/6) 
   Generating static pages (2/6) 
   Generating static pages (4/6) 
 ✓ Generating static pages (6/6)
   Finalizing page optimization ...
   Collecting build traces ...

Route (app)                              Size     First Load JS
┌ ○ /                                    1.33 kB        88.6 kB
├ ○ /_not-found                          873 B          88.1 kB
├ ƒ /api/detail                          0 B                0 B
├ ƒ /api/detail_backup                   0 B                0 B
├ ƒ /api/detail/[id]                     0 B                0 B
├ ○ /api/health                          0 B                0 B
├ ƒ /api/scrape                          0 B                0 B
├ ƒ /api/search                          0 B                0 B
├ ƒ /cafe/[id]                           10.8 kB          98 kB
└ ○ /search                              1.74 kB          89 kB
+ First Load JS shared by all            87.3 kB
  ├ chunks/117-6d3152f80147ba9e.js       31.7 kB
  ├ chunks/fd9d1056-9f91b5e418130764.js  53.6 kB
  └ other shared chunks (total)          1.89 kB


○  (Static)   prerendered as static content
ƒ  (Dynamic)  server-rendered on demand

 ---> Removed intermediate container 387bea9bd1da
 ---> 24586ec9f3de
Step 10/23 : RUN mkdir -p public || true
 ---> Running in 5c548994734a
 ---> Removed intermediate container 5c548994734a
 ---> f321567cc805
Step 11/23 : FROM node:18-alpine AS runtime
 ---> ee77c6cd7c18
Step 12/23 : WORKDIR /app
 ---> Using cache
 ---> 2a7a8061ed51
Step 13/23 : ENV NODE_ENV=production
 ---> Using cache
 ---> ffa0a8b3be0f
Step 14/23 : ENV PORT=3000
 ---> Using cache
 ---> b494d2f87f8e
Step 15/23 : ENV HOSTNAME="0.0.0.0"
 ---> Using cache
 ---> 5fd6e466536b
Step 16/23 : COPY --from=builder /app/.next/standalone ./
 ---> bfafc8c97f76
Step 17/23 : COPY --from=builder /app/prisma ./prisma
 ---> 95e7bb04537b
Step 18/23 : COPY --from=builder /app/node_modules/@prisma ./node_modules/@prisma
 ---> 15faa1a0d05b
Step 19/23 : COPY --from=builder /app/node_modules/.prisma ./node_modules/.prisma
 ---> b696c6a4424f
Step 20/23 : COPY --from=builder /app/node_modules/prisma ./node_modules/prisma
 ---> f8767fa82048
Step 21/23 : EXPOSE 3000
 ---> Running in 97d5e4d08320
 ---> Removed intermediate container 97d5e4d08320
 ---> 7595d1724f2a
Step 22/23 : HEALTHCHECK --interval=30s --timeout=10s --start-period=10s --retries=3     CMD node -e "require('http').get('http://localhost:3000/api/health', (r) => {process.exit(r.statusCode === 200 ? 0 : 1)})" || exit 1
 ---> Running in 058e766e1a5d
 ---> Removed intermediate container 058e766e1a5d
 ---> 5a159a2312d3
Step 23/23 : CMD ["node", "server.js"]
 ---> Running in 5f006686d8eb
 ---> Removed intermediate container 5f006686d8eb
 ---> 618d1268aa27
Successfully built 618d1268aa27
Successfully tagged registry.prup.xyz/ai-lounge/nabijiyo:latest
