## nabijiyo 502 에러 해결 - Docker 빌드 로그

### 문제 원인
nabijiyo 서비스가 502 Bad Gateway 에러를 발생시키는 원인 분석:
- deployment.yaml에서 livenessProbe와 readinessProbe가 `/api/health` 경로를 확인
- 하지만 코드에 `/api/health` 엔드포인트가 존재하지 않음

### 해결 방안
1. `/api/health` 엔드포인트 추가
   - 파일: `/home/jj/.openclaw/workspace/github/ai-lounge/apps/nabijiyo/src/app/api/health/route.ts`
   - 코드:
     ```typescript
     import { NextResponse } from 'next/server'

     export async function GET() {
       return NextResponse.json({ status: 'ok' })
     }
     ```

2. Docker 이미지 재빌드
   - 태그: registry.prup.xyz/ai-lounge/nabijiyo:v202602091350
   - 빌드 결과: ✅ 성공
   - /api/health 경로 포함 확인됨

### Docker 푸시 실패 (진행 중)
**에러:** 413 Payload Too Large (Cloudflare)
**레이어:** b1d763ba58b4 (.next 레이어)
**시도:**
- latest 태그 푸시: 실패
- v202602091350 태그 푸시: 진행 중 (재시도)

### 다음 작업
1. Docker 푸시 완료 (레지스트리 문제 해결 필요)
2. Kustomization 태그 업데이트
3. Git push
4. ArgoCD 자동 배포 확인
5. pm_qa 에이전트에게 QA 검증 요청

### 빌드 결과
```
Successfully built 96c75561390e
Successfully tagged registry.prup.xyz/ai-lounge/nabijiyo:v202602091350
Successfully tagged registry.prup.xyz/ai-lounge/nabijiyo:latest
```

### 라우트 확인
```
Route (app)                              Size     First Load JS
┌ ○ /                                    1.67 kB        88.9 kB
├ ○ /_not-found                          873 B          88.1 kB
├ ○ /api/health                          0 B                0 B  ✅ 추가됨
└ ƒ /api/search                          0 B                0 B
```
